INFO  2022-02-26 22:23:35[main] [StartupInfoLogger.java - logStarting] [ProjectApplication:55] - Starting ProjectApplication using Java 1.8.0_281 on DESKTOP-C8UO0I7 with PID 12264 (C:\Users\bbing\Desktop\seeme\project\project\out\production\classes started by bbing in C:\Users\bbing\Desktop\seeme\project\project)
INFO  2022-02-26 22:23:35[main] [SpringApplication.java - logStartupProfileInfo] [ProjectApplication:637] - No active profile set, falling back to default profiles: default
INFO  2022-02-26 22:23:36[main] [RepositoryConfigurationDelegate.java - registerRepositoriesIn] [RepositoryConfigurationDelegate:132] - Bootstrapping Spring Data JPA repositories in DEFAULT mode.
INFO  2022-02-26 22:23:36[main] [RepositoryConfigurationDelegate.java - registerRepositoriesIn] [RepositoryConfigurationDelegate:201] - Finished Spring Data repository scanning in 59 ms. Found 1 JPA repository interfaces.
INFO  2022-02-26 22:23:37[main] [TomcatWebServer.java - initialize] [TomcatWebServer:108] - Tomcat initialized with port(s): 8060 (http)
INFO  2022-02-26 22:23:37[main] [DirectJDKLog.java - log] [StandardService:173] - Starting service [Tomcat]
INFO  2022-02-26 22:23:37[main] [DirectJDKLog.java - log] [StandardEngine:173] - Starting Servlet engine: [Apache Tomcat/9.0.56]
INFO  2022-02-26 22:23:37[main] [DirectJDKLog.java - log] [TldScanner:173] - At least one JAR was scanned for TLDs yet contained no TLDs. Enable debug logging for this logger for a complete list of JARs that were scanned but no TLDs were found in them. Skipping unneeded JARs during scanning can improve startup time and JSP compilation time.
INFO  2022-02-26 22:23:37[main] [DirectJDKLog.java - log] [[/]:173] - Initializing Spring embedded WebApplicationContext
INFO  2022-02-26 22:23:37[main] [ServletWebServerApplicationContext.java - prepareWebApplicationContext] [ServletWebServerApplicationContext:290] - Root WebApplicationContext: initialization completed in 2573 ms
INFO  2022-02-26 22:23:38[main] [LogHelper.java - logPersistenceUnitInformation] [LogHelper:31] - HHH000204: Processing PersistenceUnitInfo [name: default]
INFO  2022-02-26 22:23:38[main] [Version.java - logVersion] [Version:44] - HHH000412: Hibernate ORM core version 5.6.4.Final
INFO  2022-02-26 22:23:38[main] [JavaReflectionManager.java - <clinit>] [Version:56] - HCANN000001: Hibernate Commons Annotations {5.1.2.Final}
INFO  2022-02-26 22:23:39[main] [HikariDataSource.java - getConnection] [HikariDataSource:110] - HikariPool-1 - Starting...
WARN  2022-02-26 22:23:39[main] [DriverDataSource.java - <init>] [DriverDataSource:70] - Registered driver with driverClassName=oracle.jdbc.driver.OracleDriver was not found, trying direct instantiation.
INFO  2022-02-26 22:23:39[main] [PoolBase.java - getAndSetNetworkTimeout] [PoolBase:541] - HikariPool-1 - Driver does not support get/set network timeout for connections. (oracle.jdbc.driver.T4CConnection.getNetworkTimeout()I)
INFO  2022-02-26 22:23:39[main] [HikariDataSource.java - getConnection] [HikariDataSource:123] - HikariPool-1 - Start completed.
INFO  2022-02-26 22:23:39[main] [Dialect.java - <init>] [Dialect:175] - HHH000400: Using dialect: org.hibernate.dialect.Oracle10gDialect
DEBUG 2022-02-26 22:23:40[main] [SqlStatementLogger.java - logStatement] [SQL:144] - create table chatmsg (cmidx number(19,0) not null, cmmsg varchar2(255 char), cmread number(1,0) not null, cmreader_idx number(19,0), cmwriter_idx number(19,0), primary key (cmidx))
DEBUG 2022-02-26 22:23:40[main] [SqlStatementLogger.java - logStatement] [SQL:144] - create table chatroom (cridx number(19,0) not null, crdate timestamp, primary key (cridx))
DEBUG 2022-02-26 22:23:40[main] [SqlStatementLogger.java - logStatement] [SQL:144] - create table test (t_idx number(19,0) not null, t_date timestamp, t_name varchar2(255 char), tsub_idx number(19,0), primary key (t_idx))
DEBUG 2022-02-26 22:23:40[main] [SqlStatementLogger.java - logStatement] [SQL:144] - create table vfree_board (vfidx number(19,0) not null, vfcontent varchar2(255 char), vfrcount number(19,0), vftitle varchar2(255 char), primary key (vfidx))
DEBUG 2022-02-26 22:23:40[main] [SqlStatementLogger.java - logStatement] [SQL:144] - create table viewer (v_idx number(19,0) not null, v_id varchar2(255 char), v_pw varchar2(255 char), v_status number(10,0) not null, primary key (v_idx))
DEBUG 2022-02-26 22:23:40[main] [SqlStatementLogger.java - logStatement] [SQL:144] - create sequence chatroom_seq start with 1 increment by  50
INFO  2022-02-26 22:23:40[main] [JtaPlatformInitiator.java - initiateService] [JtaPlatformInitiator:52] - HHH000490: Using JtaPlatform implementation: [org.hibernate.engine.transaction.jta.platform.internal.NoJtaPlatform]
INFO  2022-02-26 22:23:40[main] [AbstractEntityManagerFactoryBean.java - buildNativeEntityManagerFactory] [LocalContainerEntityManagerFactoryBean:437] - Initialized JPA EntityManagerFactory for persistence unit 'default'
DEBUG 2022-02-26 22:23:41[main] [SimpleUrlHandlerMapping.java - logMappings] [WebSocketHandlerMapping:188] - Patterns [/stomp/chat/**] in 'stompWebSocketHandlerMapping'
WARN  2022-02-26 22:23:41[main] [JpaBaseConfiguration.java - openEntityManagerInViewInterceptor] [JpaBaseConfiguration$JpaWebConfiguration:219] - spring.jpa.open-in-view is enabled by default. Therefore, database queries may be performed during view rendering. Explicitly configure spring.jpa.open-in-view to disable this warning
DEBUG 2022-02-26 22:23:41[main] [AbstractMethodMessageHandler.java - detectHandlerMethods] [WebSocketAnnotationMethodMessageHandler:316] - 
	s.p.c.ChatMsgController:
	
DEBUG 2022-02-26 22:23:41[main] [AbstractMethodMessageHandler.java - detectHandlerMethods] [WebSocketAnnotationMethodMessageHandler:316] - 
	s.p.c.MainPageController:
	
DEBUG 2022-02-26 22:23:41[main] [AbstractMethodMessageHandler.java - detectHandlerMethods] [WebSocketAnnotationMethodMessageHandler:316] - 
	s.p.c.VFreeBoardController:
	
DEBUG 2022-02-26 22:23:41[main] [AbstractMethodMessageHandler.java - detectHandlerMethods] [WebSocketAnnotationMethodMessageHandler:316] - 
	s.p.c.ViewerController:
	
DEBUG 2022-02-26 22:23:41[main] [AbstractMethodMessageHandler.java - detectHandlerMethods] [WebSocketAnnotationMethodMessageHandler:316] - 
	o.s.b.a.w.s.e.BasicErrorController:
	
DEBUG 2022-02-26 22:23:42[main] [RequestMappingHandlerAdapter.java - initControllerAdviceCache] [RequestMappingHandlerAdapter:625] - ControllerAdvice beans: 0 @ModelAttribute, 0 @InitBinder, 1 RequestBodyAdvice, 1 ResponseBodyAdvice
DEBUG 2022-02-26 22:23:42[main] [AbstractHandlerMethodMapping.java - handlerMethodsInitialized] [RequestMappingHandlerMapping:367] - 6 mappings in 'requestMappingHandlerMapping'
INFO  2022-02-26 22:23:42[main] [WelcomePageHandlerMapping.java - <init>] [WelcomePageHandlerMapping:53] - Adding welcome page: class path resource [static/index.html]
DEBUG 2022-02-26 22:23:42[main] [SimpleUrlHandlerMapping.java - logMappings] [SimpleUrlHandlerMapping:188] - Patterns [/webjars/**, /**] in 'resourceHandlerMapping'
DEBUG 2022-02-26 22:23:42[main] [ExceptionHandlerExceptionResolver.java - initExceptionHandlerAdviceCache] [ExceptionHandlerExceptionResolver:307] - ControllerAdvice beans: 0 @ExceptionHandler, 1 ResponseBodyAdvice
INFO  2022-02-26 22:23:42[main] [TomcatWebServer.java - start] [TomcatWebServer:220] - Tomcat started on port(s): 8060 (http) with context path ''
DEBUG 2022-02-26 22:23:42[main] [CompositeLog.java - debug] [SimpLogging:147] - clientOutboundChannel added SubProtocolWebSocketHandler[StompSubProtocolHandler[v10.stomp, v11.stomp, v12.stomp]]
DEBUG 2022-02-26 22:23:42[main] [CompositeLog.java - debug] [SimpLogging:147] - clientInboundChannel added WebSocketAnnotationMethodMessageHandler[prefixes=[/pub/]]
INFO  2022-02-26 22:23:42[main] [CompositeLog.java - info] [SimpleBrokerMessageHandler:137] - Starting...
DEBUG 2022-02-26 22:23:42[main] [CompositeLog.java - debug] [SimpLogging:147] - clientInboundChannel added SimpleBrokerMessageHandler [org.springframework.messaging.simp.broker.DefaultSubscriptionRegistry@5cbe95b1]
DEBUG 2022-02-26 22:23:42[main] [CompositeLog.java - debug] [SimpLogging:147] - brokerChannel added SimpleBrokerMessageHandler [org.springframework.messaging.simp.broker.DefaultSubscriptionRegistry@5cbe95b1]
INFO  2022-02-26 22:23:42[main] [CompositeLog.java - info] [SimpleBrokerMessageHandler:137] - BrokerAvailabilityEvent[available=true, SimpleBrokerMessageHandler [org.springframework.messaging.simp.broker.DefaultSubscriptionRegistry@5cbe95b1]]
INFO  2022-02-26 22:23:42[main] [CompositeLog.java - info] [SimpleBrokerMessageHandler:137] - Started.
DEBUG 2022-02-26 22:23:42[main] [CompositeLog.java - debug] [SimpLogging:147] - clientInboundChannel added UserDestinationMessageHandler[DefaultUserDestinationResolver[prefix=/user/]]
DEBUG 2022-02-26 22:23:42[main] [CompositeLog.java - debug] [SimpLogging:147] - brokerChannel added UserDestinationMessageHandler[DefaultUserDestinationResolver[prefix=/user/]]
INFO  2022-02-26 22:23:42[main] [StartupInfoLogger.java - logStarted] [ProjectApplication:61] - Started ProjectApplication in 8.221 seconds (JVM running for 9.207)
INFO  2022-02-26 22:24:02[http-nio-8060-exec-1] [DirectJDKLog.java - log] [[/]:173] - Initializing Spring DispatcherServlet 'dispatcherServlet'
INFO  2022-02-26 22:24:02[http-nio-8060-exec-1] [FrameworkServlet.java - initServletBean] [DispatcherServlet:525] - Initializing Servlet 'dispatcherServlet'
DEBUG 2022-02-26 22:24:02[http-nio-8060-exec-1] [DispatcherServlet.java - initMultipartResolver] [DispatcherServlet:520] - Detected StandardServletMultipartResolver
DEBUG 2022-02-26 22:24:02[http-nio-8060-exec-1] [DispatcherServlet.java - initLocaleResolver] [DispatcherServlet:544] - Detected AcceptHeaderLocaleResolver
DEBUG 2022-02-26 22:24:02[http-nio-8060-exec-1] [DispatcherServlet.java - initThemeResolver] [DispatcherServlet:569] - Detected FixedThemeResolver
DEBUG 2022-02-26 22:24:02[http-nio-8060-exec-1] [DispatcherServlet.java - initRequestToViewNameTranslator] [DispatcherServlet:719] - Detected org.springframework.web.servlet.view.DefaultRequestToViewNameTranslator@12448de1
DEBUG 2022-02-26 22:24:02[http-nio-8060-exec-1] [DispatcherServlet.java - initFlashMapManager] [DispatcherServlet:783] - Detected org.springframework.web.servlet.support.SessionFlashMapManager@1f42366
DEBUG 2022-02-26 22:24:02[http-nio-8060-exec-1] [FrameworkServlet.java - initServletBean] [DispatcherServlet:542] - enableLoggingRequestDetails='false': request parameters and headers will be masked to prevent unsafe logging of potentially sensitive data
INFO  2022-02-26 22:24:02[http-nio-8060-exec-1] [FrameworkServlet.java - initServletBean] [DispatcherServlet:547] - Completed initialization in 11 ms
DEBUG 2022-02-26 22:24:02[http-nio-8060-exec-1] [LogFormatUtils.java - traceDebug] [DispatcherServlet:119] - GET "/", parameters={}
DEBUG 2022-02-26 22:24:02[http-nio-8060-exec-1] [ContentNegotiatingViewResolver.java - getBestView] [ContentNegotiatingViewResolver:349] - Selected 'text/html' given [text/html, application/xhtml+xml, image/avif, image/webp, image/apng, application/xml;q=0.9, application/signed-exchange;v=b3;q=0.9, */*;q=0.8]
DEBUG 2022-02-26 22:24:02[http-nio-8060-exec-1] [AbstractView.java - render] [InternalResourceView:309] - View [InternalResourceView], model {}
DEBUG 2022-02-26 22:24:02[http-nio-8060-exec-1] [InternalResourceView.java - renderMergedOutputModel] [InternalResourceView:169] - Forwarding to [index.html]
DEBUG 2022-02-26 22:24:02[http-nio-8060-exec-1] [LogFormatUtils.java - traceDebug] [DispatcherServlet:119] - "FORWARD" dispatch for GET "/index.html", parameters={}
DEBUG 2022-02-26 22:24:02[http-nio-8060-exec-1] [AbstractHandlerMapping.java - getHandler] [SimpleUrlHandlerMapping:522] - Mapped to ResourceHttpRequestHandler [classpath [META-INF/resources/], classpath [resources/], classpath [static/], classpath [public/], ServletContext [/]]
DEBUG 2022-02-26 22:24:02[http-nio-8060-exec-1] [FrameworkServlet.java - logResult] [DispatcherServlet:1127] - Exiting from "FORWARD" dispatch, status 200
DEBUG 2022-02-26 22:24:02[http-nio-8060-exec-1] [FrameworkServlet.java - logResult] [DispatcherServlet:1131] - Completed 200 OK
DEBUG 2022-02-26 22:24:02[http-nio-8060-exec-2] [LogFormatUtils.java - traceDebug] [DispatcherServlet:119] - GET "/favicon.ico", parameters={}
DEBUG 2022-02-26 22:24:02[http-nio-8060-exec-2] [AbstractHandlerMapping.java - getHandler] [SimpleUrlHandlerMapping:522] - Mapped to ResourceHttpRequestHandler [classpath [META-INF/resources/], classpath [resources/], classpath [static/], classpath [public/], ServletContext [/]]
DEBUG 2022-02-26 22:24:02[http-nio-8060-exec-2] [ResourceHttpRequestHandler.java - handleRequest] [ResourceHttpRequestHandler:560] - Resource not found
DEBUG 2022-02-26 22:24:02[http-nio-8060-exec-2] [FrameworkServlet.java - logResult] [DispatcherServlet:1131] - Completed 404 NOT_FOUND
DEBUG 2022-02-26 22:24:02[http-nio-8060-exec-2] [LogFormatUtils.java - traceDebug] [DispatcherServlet:119] - "ERROR" dispatch for GET "/error", parameters={}
DEBUG 2022-02-26 22:24:02[http-nio-8060-exec-2] [AbstractHandlerMapping.java - getHandler] [RequestMappingHandlerMapping:522] - Mapped to org.springframework.boot.autoconfigure.web.servlet.error.BasicErrorController#error(HttpServletRequest)
DEBUG 2022-02-26 22:24:02[http-nio-8060-exec-2] [AbstractMessageConverterMethodProcessor.java - writeWithMessageConverters] [HttpEntityMethodProcessor:268] - Using 'application/json;q=0.8', given [image/avif, image/webp, image/apng, image/svg+xml, image/*, */*;q=0.8] and supported [application/json, application/*+json, application/json, application/*+json]
DEBUG 2022-02-26 22:24:02[http-nio-8060-exec-2] [LogFormatUtils.java - traceDebug] [HttpEntityMethodProcessor:119] - Writing [{timestamp=Sat Feb 26 22:24:02 KST 2022, status=404, error=Not Found, path=/favicon.ico}]
DEBUG 2022-02-26 22:24:02[http-nio-8060-exec-2] [FrameworkServlet.java - logResult] [DispatcherServlet:1127] - Exiting from "ERROR" dispatch, status 404
INFO  2022-02-26 22:24:41[MessageBroker-1] [WebSocketMessageBrokerStats.java - lambda$initLoggingTask$0] [WebSocketMessageBrokerStats:128] - WebSocketSession[0 current WS(0)-HttpStream(0)-HttpPoll(0), 0 total, 0 closed abnormally (0 connect failure, 0 send limit, 0 transport error)], stompSubProtocol[processed CONNECT(0)-CONNECTED(0)-DISCONNECT(0)], stompBrokerRelay[null], inboundChannel[pool size = 0, active threads = 0, queued tasks = 0, completed tasks = 0], outboundChannel[pool size = 0, active threads = 0, queued tasks = 0, completed tasks = 0], sockJsScheduler[pool size = 1, active threads = 1, queued tasks = 0, completed tasks = 0]
DEBUG 2022-02-26 22:25:04[http-nio-8060-exec-5] [LogFormatUtils.java - traceDebug] [DispatcherServlet:119] - GET "/resoureces/static/htmlpage/chatroomlist.html", parameters={}
DEBUG 2022-02-26 22:25:04[http-nio-8060-exec-5] [AbstractHandlerMapping.java - getHandler] [SimpleUrlHandlerMapping:522] - Mapped to ResourceHttpRequestHandler [classpath [META-INF/resources/], classpath [resources/], classpath [static/], classpath [public/], ServletContext [/]]
DEBUG 2022-02-26 22:25:04[http-nio-8060-exec-5] [ResourceHttpRequestHandler.java - handleRequest] [ResourceHttpRequestHandler:560] - Resource not found
DEBUG 2022-02-26 22:25:04[http-nio-8060-exec-5] [FrameworkServlet.java - logResult] [DispatcherServlet:1131] - Completed 404 NOT_FOUND
DEBUG 2022-02-26 22:25:04[http-nio-8060-exec-5] [LogFormatUtils.java - traceDebug] [DispatcherServlet:119] - "ERROR" dispatch for GET "/error", parameters={}
DEBUG 2022-02-26 22:25:04[http-nio-8060-exec-5] [AbstractHandlerMapping.java - getHandler] [RequestMappingHandlerMapping:522] - Mapped to org.springframework.boot.autoconfigure.web.servlet.error.BasicErrorController#errorHtml(HttpServletRequest, HttpServletResponse)
DEBUG 2022-02-26 22:25:04[http-nio-8060-exec-5] [ContentNegotiatingViewResolver.java - getBestView] [ContentNegotiatingViewResolver:349] - Selected 'text/html' given [text/html, text/html;q=0.8]
DEBUG 2022-02-26 22:25:04[http-nio-8060-exec-5] [FrameworkServlet.java - logResult] [DispatcherServlet:1127] - Exiting from "ERROR" dispatch, status 404
DEBUG 2022-02-26 22:25:32[SpringApplicationShutdownHook] [CompositeLog.java - debug] [SimpLogging:147] - clientOutboundChannel removed SubProtocolWebSocketHandler[StompSubProtocolHandler[v10.stomp, v11.stomp, v12.stomp]]
DEBUG 2022-02-26 22:25:32[SpringApplicationShutdownHook] [CompositeLog.java - debug] [SimpLogging:147] - clientInboundChannel removed WebSocketAnnotationMethodMessageHandler[prefixes=[/pub/]]
INFO  2022-02-26 22:25:32[SpringApplicationShutdownHook] [CompositeLog.java - info] [SimpleBrokerMessageHandler:137] - Stopping...
INFO  2022-02-26 22:25:32[SpringApplicationShutdownHook] [CompositeLog.java - info] [SimpleBrokerMessageHandler:137] - BrokerAvailabilityEvent[available=false, SimpleBrokerMessageHandler [org.springframework.messaging.simp.broker.DefaultSubscriptionRegistry@5cbe95b1]]
DEBUG 2022-02-26 22:25:32[SpringApplicationShutdownHook] [CompositeLog.java - debug] [SimpLogging:147] - clientInboundChannel removed SimpleBrokerMessageHandler [org.springframework.messaging.simp.broker.DefaultSubscriptionRegistry@5cbe95b1]
DEBUG 2022-02-26 22:25:32[SpringApplicationShutdownHook] [CompositeLog.java - debug] [SimpLogging:147] - brokerChannel removed SimpleBrokerMessageHandler [org.springframework.messaging.simp.broker.DefaultSubscriptionRegistry@5cbe95b1]
INFO  2022-02-26 22:25:32[SpringApplicationShutdownHook] [CompositeLog.java - info] [SimpleBrokerMessageHandler:137] - Stopped.
DEBUG 2022-02-26 22:25:32[SpringApplicationShutdownHook] [CompositeLog.java - debug] [SimpLogging:147] - clientInboundChannel removed UserDestinationMessageHandler[DefaultUserDestinationResolver[prefix=/user/]]
DEBUG 2022-02-26 22:25:32[SpringApplicationShutdownHook] [CompositeLog.java - debug] [SimpLogging:147] - brokerChannel removed UserDestinationMessageHandler[DefaultUserDestinationResolver[prefix=/user/]]
INFO  2022-02-26 22:25:32[SpringApplicationShutdownHook] [AbstractEntityManagerFactoryBean.java - destroy] [LocalContainerEntityManagerFactoryBean:651] - Closing JPA EntityManagerFactory for persistence unit 'default'
INFO  2022-02-26 22:25:32[SpringApplicationShutdownHook] [HikariDataSource.java - close] [HikariDataSource:350] - HikariPool-1 - Shutdown initiated...
INFO  2022-02-26 22:25:32[SpringApplicationShutdownHook] [HikariDataSource.java - close] [HikariDataSource:352] - HikariPool-1 - Shutdown completed.
INFO  2022-02-26 22:25:37[main] [StartupInfoLogger.java - logStarting] [ProjectApplication:55] - Starting ProjectApplication using Java 1.8.0_281 on DESKTOP-C8UO0I7 with PID 11608 (C:\Users\bbing\Desktop\seeme\project\project\out\production\classes started by bbing in C:\Users\bbing\Desktop\seeme\project\project)
INFO  2022-02-26 22:25:37[main] [SpringApplication.java - logStartupProfileInfo] [ProjectApplication:637] - No active profile set, falling back to default profiles: default
INFO  2022-02-26 22:25:38[main] [RepositoryConfigurationDelegate.java - registerRepositoriesIn] [RepositoryConfigurationDelegate:132] - Bootstrapping Spring Data JPA repositories in DEFAULT mode.
INFO  2022-02-26 22:25:38[main] [RepositoryConfigurationDelegate.java - registerRepositoriesIn] [RepositoryConfigurationDelegate:201] - Finished Spring Data repository scanning in 56 ms. Found 1 JPA repository interfaces.
INFO  2022-02-26 22:25:39[main] [TomcatWebServer.java - initialize] [TomcatWebServer:108] - Tomcat initialized with port(s): 8060 (http)
INFO  2022-02-26 22:25:39[main] [DirectJDKLog.java - log] [StandardService:173] - Starting service [Tomcat]
INFO  2022-02-26 22:25:39[main] [DirectJDKLog.java - log] [StandardEngine:173] - Starting Servlet engine: [Apache Tomcat/9.0.56]
INFO  2022-02-26 22:25:40[main] [DirectJDKLog.java - log] [TldScanner:173] - At least one JAR was scanned for TLDs yet contained no TLDs. Enable debug logging for this logger for a complete list of JARs that were scanned but no TLDs were found in them. Skipping unneeded JARs during scanning can improve startup time and JSP compilation time.
INFO  2022-02-26 22:25:40[main] [DirectJDKLog.java - log] [[/]:173] - Initializing Spring embedded WebApplicationContext
INFO  2022-02-26 22:25:40[main] [ServletWebServerApplicationContext.java - prepareWebApplicationContext] [ServletWebServerApplicationContext:290] - Root WebApplicationContext: initialization completed in 2295 ms
INFO  2022-02-26 22:25:40[main] [LogHelper.java - logPersistenceUnitInformation] [LogHelper:31] - HHH000204: Processing PersistenceUnitInfo [name: default]
INFO  2022-02-26 22:25:40[main] [Version.java - logVersion] [Version:44] - HHH000412: Hibernate ORM core version 5.6.4.Final
INFO  2022-02-26 22:25:41[main] [JavaReflectionManager.java - <clinit>] [Version:56] - HCANN000001: Hibernate Commons Annotations {5.1.2.Final}
INFO  2022-02-26 22:25:41[main] [HikariDataSource.java - getConnection] [HikariDataSource:110] - HikariPool-1 - Starting...
WARN  2022-02-26 22:25:41[main] [DriverDataSource.java - <init>] [DriverDataSource:70] - Registered driver with driverClassName=oracle.jdbc.driver.OracleDriver was not found, trying direct instantiation.
INFO  2022-02-26 22:25:41[main] [PoolBase.java - getAndSetNetworkTimeout] [PoolBase:541] - HikariPool-1 - Driver does not support get/set network timeout for connections. (oracle.jdbc.driver.T4CConnection.getNetworkTimeout()I)
INFO  2022-02-26 22:25:41[main] [HikariDataSource.java - getConnection] [HikariDataSource:123] - HikariPool-1 - Start completed.
INFO  2022-02-26 22:25:41[main] [Dialect.java - <init>] [Dialect:175] - HHH000400: Using dialect: org.hibernate.dialect.Oracle10gDialect
INFO  2022-02-26 22:25:42[main] [JtaPlatformInitiator.java - initiateService] [JtaPlatformInitiator:52] - HHH000490: Using JtaPlatform implementation: [org.hibernate.engine.transaction.jta.platform.internal.NoJtaPlatform]
INFO  2022-02-26 22:25:42[main] [AbstractEntityManagerFactoryBean.java - buildNativeEntityManagerFactory] [LocalContainerEntityManagerFactoryBean:437] - Initialized JPA EntityManagerFactory for persistence unit 'default'
DEBUG 2022-02-26 22:25:43[main] [SimpleUrlHandlerMapping.java - logMappings] [WebSocketHandlerMapping:188] - Patterns [/stomp/chat/**] in 'stompWebSocketHandlerMapping'
WARN  2022-02-26 22:25:43[main] [JpaBaseConfiguration.java - openEntityManagerInViewInterceptor] [JpaBaseConfiguration$JpaWebConfiguration:219] - spring.jpa.open-in-view is enabled by default. Therefore, database queries may be performed during view rendering. Explicitly configure spring.jpa.open-in-view to disable this warning
DEBUG 2022-02-26 22:25:43[main] [AbstractMethodMessageHandler.java - detectHandlerMethods] [WebSocketAnnotationMethodMessageHandler:316] - 
	s.p.c.ChatMsgController:
	
DEBUG 2022-02-26 22:25:43[main] [AbstractMethodMessageHandler.java - detectHandlerMethods] [WebSocketAnnotationMethodMessageHandler:316] - 
	s.p.c.MainPageController:
	
DEBUG 2022-02-26 22:25:43[main] [AbstractMethodMessageHandler.java - detectHandlerMethods] [WebSocketAnnotationMethodMessageHandler:316] - 
	s.p.c.VFreeBoardController:
	
DEBUG 2022-02-26 22:25:43[main] [AbstractMethodMessageHandler.java - detectHandlerMethods] [WebSocketAnnotationMethodMessageHandler:316] - 
	s.p.c.ViewerController:
	
DEBUG 2022-02-26 22:25:43[main] [AbstractMethodMessageHandler.java - detectHandlerMethods] [WebSocketAnnotationMethodMessageHandler:316] - 
	o.s.b.a.w.s.e.BasicErrorController:
	
DEBUG 2022-02-26 22:25:44[main] [RequestMappingHandlerAdapter.java - initControllerAdviceCache] [RequestMappingHandlerAdapter:625] - ControllerAdvice beans: 0 @ModelAttribute, 0 @InitBinder, 1 RequestBodyAdvice, 1 ResponseBodyAdvice
DEBUG 2022-02-26 22:25:44[main] [AbstractHandlerMethodMapping.java - handlerMethodsInitialized] [RequestMappingHandlerMapping:367] - 6 mappings in 'requestMappingHandlerMapping'
INFO  2022-02-26 22:25:44[main] [WelcomePageHandlerMapping.java - <init>] [WelcomePageHandlerMapping:53] - Adding welcome page: class path resource [static/index.html]
DEBUG 2022-02-26 22:25:44[main] [SimpleUrlHandlerMapping.java - logMappings] [SimpleUrlHandlerMapping:188] - Patterns [/webjars/**, /**] in 'resourceHandlerMapping'
DEBUG 2022-02-26 22:25:44[main] [ExceptionHandlerExceptionResolver.java - initExceptionHandlerAdviceCache] [ExceptionHandlerExceptionResolver:307] - ControllerAdvice beans: 0 @ExceptionHandler, 1 ResponseBodyAdvice
INFO  2022-02-26 22:25:44[main] [TomcatWebServer.java - start] [TomcatWebServer:220] - Tomcat started on port(s): 8060 (http) with context path ''
DEBUG 2022-02-26 22:25:44[main] [CompositeLog.java - debug] [SimpLogging:147] - clientOutboundChannel added SubProtocolWebSocketHandler[StompSubProtocolHandler[v10.stomp, v11.stomp, v12.stomp]]
DEBUG 2022-02-26 22:25:44[main] [CompositeLog.java - debug] [SimpLogging:147] - clientInboundChannel added WebSocketAnnotationMethodMessageHandler[prefixes=[/pub/]]
INFO  2022-02-26 22:25:44[main] [CompositeLog.java - info] [SimpleBrokerMessageHandler:137] - Starting...
DEBUG 2022-02-26 22:25:44[main] [CompositeLog.java - debug] [SimpLogging:147] - clientInboundChannel added SimpleBrokerMessageHandler [org.springframework.messaging.simp.broker.DefaultSubscriptionRegistry@5f6a8efe]
DEBUG 2022-02-26 22:25:44[main] [CompositeLog.java - debug] [SimpLogging:147] - brokerChannel added SimpleBrokerMessageHandler [org.springframework.messaging.simp.broker.DefaultSubscriptionRegistry@5f6a8efe]
INFO  2022-02-26 22:25:44[main] [CompositeLog.java - info] [SimpleBrokerMessageHandler:137] - BrokerAvailabilityEvent[available=true, SimpleBrokerMessageHandler [org.springframework.messaging.simp.broker.DefaultSubscriptionRegistry@5f6a8efe]]
INFO  2022-02-26 22:25:44[main] [CompositeLog.java - info] [SimpleBrokerMessageHandler:137] - Started.
DEBUG 2022-02-26 22:25:44[main] [CompositeLog.java - debug] [SimpLogging:147] - clientInboundChannel added UserDestinationMessageHandler[DefaultUserDestinationResolver[prefix=/user/]]
DEBUG 2022-02-26 22:25:44[main] [CompositeLog.java - debug] [SimpLogging:147] - brokerChannel added UserDestinationMessageHandler[DefaultUserDestinationResolver[prefix=/user/]]
INFO  2022-02-26 22:25:44[main] [StartupInfoLogger.java - logStarted] [ProjectApplication:61] - Started ProjectApplication in 7.546 seconds (JVM running for 8.347)
INFO  2022-02-26 22:25:51[http-nio-8060-exec-1] [DirectJDKLog.java - log] [[/]:173] - Initializing Spring DispatcherServlet 'dispatcherServlet'
INFO  2022-02-26 22:25:51[http-nio-8060-exec-1] [FrameworkServlet.java - initServletBean] [DispatcherServlet:525] - Initializing Servlet 'dispatcherServlet'
DEBUG 2022-02-26 22:25:51[http-nio-8060-exec-1] [DispatcherServlet.java - initMultipartResolver] [DispatcherServlet:520] - Detected StandardServletMultipartResolver
DEBUG 2022-02-26 22:25:51[http-nio-8060-exec-1] [DispatcherServlet.java - initLocaleResolver] [DispatcherServlet:544] - Detected AcceptHeaderLocaleResolver
DEBUG 2022-02-26 22:25:51[http-nio-8060-exec-1] [DispatcherServlet.java - initThemeResolver] [DispatcherServlet:569] - Detected FixedThemeResolver
DEBUG 2022-02-26 22:25:51[http-nio-8060-exec-1] [DispatcherServlet.java - initRequestToViewNameTranslator] [DispatcherServlet:719] - Detected org.springframework.web.servlet.view.DefaultRequestToViewNameTranslator@7f305f34
DEBUG 2022-02-26 22:25:51[http-nio-8060-exec-1] [DispatcherServlet.java - initFlashMapManager] [DispatcherServlet:783] - Detected org.springframework.web.servlet.support.SessionFlashMapManager@745926c3
DEBUG 2022-02-26 22:25:51[http-nio-8060-exec-1] [FrameworkServlet.java - initServletBean] [DispatcherServlet:542] - enableLoggingRequestDetails='false': request parameters and headers will be masked to prevent unsafe logging of potentially sensitive data
INFO  2022-02-26 22:25:51[http-nio-8060-exec-1] [FrameworkServlet.java - initServletBean] [DispatcherServlet:547] - Completed initialization in 3 ms
DEBUG 2022-02-26 22:25:51[http-nio-8060-exec-1] [LogFormatUtils.java - traceDebug] [DispatcherServlet:119] - GET "/", parameters={}
DEBUG 2022-02-26 22:25:51[http-nio-8060-exec-1] [ContentNegotiatingViewResolver.java - getBestView] [ContentNegotiatingViewResolver:349] - Selected 'text/html' given [text/html, application/xhtml+xml, image/avif, image/webp, image/apng, application/xml;q=0.9, application/signed-exchange;v=b3;q=0.9, */*;q=0.8]
DEBUG 2022-02-26 22:25:51[http-nio-8060-exec-1] [AbstractView.java - render] [InternalResourceView:309] - View [InternalResourceView], model {}
DEBUG 2022-02-26 22:25:51[http-nio-8060-exec-1] [InternalResourceView.java - renderMergedOutputModel] [InternalResourceView:169] - Forwarding to [index.html]
DEBUG 2022-02-26 22:25:51[http-nio-8060-exec-1] [LogFormatUtils.java - traceDebug] [DispatcherServlet:119] - "FORWARD" dispatch for GET "/index.html", parameters={}
DEBUG 2022-02-26 22:25:51[http-nio-8060-exec-1] [AbstractHandlerMapping.java - getHandler] [SimpleUrlHandlerMapping:522] - Mapped to ResourceHttpRequestHandler [classpath [META-INF/resources/], classpath [resources/], classpath [static/], classpath [public/], ServletContext [/]]
DEBUG 2022-02-26 22:25:51[http-nio-8060-exec-1] [FrameworkServlet.java - logResult] [DispatcherServlet:1127] - Exiting from "FORWARD" dispatch, status 304
DEBUG 2022-02-26 22:25:51[http-nio-8060-exec-1] [FrameworkServlet.java - logResult] [DispatcherServlet:1131] - Completed 304 NOT_MODIFIED
DEBUG 2022-02-26 22:26:01[SpringApplicationShutdownHook] [CompositeLog.java - debug] [SimpLogging:147] - clientOutboundChannel removed SubProtocolWebSocketHandler[StompSubProtocolHandler[v10.stomp, v11.stomp, v12.stomp]]
DEBUG 2022-02-26 22:26:01[SpringApplicationShutdownHook] [CompositeLog.java - debug] [SimpLogging:147] - clientInboundChannel removed WebSocketAnnotationMethodMessageHandler[prefixes=[/pub/]]
INFO  2022-02-26 22:26:01[SpringApplicationShutdownHook] [CompositeLog.java - info] [SimpleBrokerMessageHandler:137] - Stopping...
INFO  2022-02-26 22:26:01[SpringApplicationShutdownHook] [CompositeLog.java - info] [SimpleBrokerMessageHandler:137] - BrokerAvailabilityEvent[available=false, SimpleBrokerMessageHandler [org.springframework.messaging.simp.broker.DefaultSubscriptionRegistry@5f6a8efe]]
DEBUG 2022-02-26 22:26:01[SpringApplicationShutdownHook] [CompositeLog.java - debug] [SimpLogging:147] - clientInboundChannel removed SimpleBrokerMessageHandler [org.springframework.messaging.simp.broker.DefaultSubscriptionRegistry@5f6a8efe]
DEBUG 2022-02-26 22:26:01[SpringApplicationShutdownHook] [CompositeLog.java - debug] [SimpLogging:147] - brokerChannel removed SimpleBrokerMessageHandler [org.springframework.messaging.simp.broker.DefaultSubscriptionRegistry@5f6a8efe]
INFO  2022-02-26 22:26:01[SpringApplicationShutdownHook] [CompositeLog.java - info] [SimpleBrokerMessageHandler:137] - Stopped.
DEBUG 2022-02-26 22:26:01[SpringApplicationShutdownHook] [CompositeLog.java - debug] [SimpLogging:147] - clientInboundChannel removed UserDestinationMessageHandler[DefaultUserDestinationResolver[prefix=/user/]]
DEBUG 2022-02-26 22:26:01[SpringApplicationShutdownHook] [CompositeLog.java - debug] [SimpLogging:147] - brokerChannel removed UserDestinationMessageHandler[DefaultUserDestinationResolver[prefix=/user/]]
INFO  2022-02-26 22:26:01[SpringApplicationShutdownHook] [AbstractEntityManagerFactoryBean.java - destroy] [LocalContainerEntityManagerFactoryBean:651] - Closing JPA EntityManagerFactory for persistence unit 'default'
INFO  2022-02-26 22:26:01[SpringApplicationShutdownHook] [HikariDataSource.java - close] [HikariDataSource:350] - HikariPool-1 - Shutdown initiated...
INFO  2022-02-26 22:26:01[SpringApplicationShutdownHook] [HikariDataSource.java - close] [HikariDataSource:352] - HikariPool-1 - Shutdown completed.
